<?xml version="1.0" encoding="UTF-8"?>
<!-- Generated by org.testng.reporters.JUnitReportReporter -->
<testsuite skipped="0" hostname="JOMON027" name="tests.calculator.ValidationTest" tests="4" failures="0" timestamp="20 Dec 2018 00:48:19 GMT" time="33.068" errors="0">
  <testcase name="enterCredentials" time="3.141" classname="tests.calculator.ValidationTest"/>
  <testcase name="login" time="4.983" classname="tests.calculator.ValidationTest"/>
  <testcase name="componentTesting" time="11.695" classname="tests.calculator.ValidationTest"/>
  <testcase name="makePayment" time="13.249" classname="tests.calculator.ValidationTest"/>
</testsuite> <!-- tests.calculator.ValidationTest -->
